Arguments: 
  C:\Program Files\nodejs\node.exe C:\Program Files (x86)\Yarn\bin\yarn.js add file-loader

PATH: 
  ;C:\Windows\system32;C:\Windows;C:\Windows\System32\Wbem;C:\Windows\System32\WindowsPowerShell\v1.0\;C:\Windows\System32\OpenSSH\;C:\Program Files\nodejs\;D:\Program Files\Git\cmd;C:\Program Files (x86)\NVIDIA Corporation\PhysX\Common;C:\Program Files (x86)\Yarn\bin\;C:\Program Files\PuTTY\;C:\Program Files\NVIDIA Corporation\NVIDIA NvDLISR;C:\Program Files\NVIDIA Corporation\NVIDIA NGX;C:\Users\34541\AppData\Local\Microsoft\WindowsApps;;D:\Program Files\Microsoft VS Code\bin;C:\Users\34541\AppData\Roaming\npm;C:\Users\34541\AppData\Local\Yarn\bin;D:\Program Files (x86)\SSH Communications Security\SSH Secure Shell

Yarn version: 
  1.19.1

Node version: 
  10.13.0

Platform: 
  win32 x64

Trace: 
  Error: ENOENT: no such file or directory, copyfile 'C:\Users\34541\AppData\Local\Yarn\Cache\v6\npm-ansi-styles-2.2.1-b432dd3358b634cf75e1e4664368240533c1ddbe-integrity\node_modules\ansi-styles\license' -> 'E:\project\huaban\node_modules\node-sass\node_modules\ansi-styles\license'

npm manifest: 
  {
    "name": "duoduoyun",
    "version": "1.0.0",
    "description": "",
    "main": "index.js",
    "scripts": {
      "test": "echo \"Error: no test specified\" && exit 1",
      "build": "webpack --mode production",
      "dev": "webpack-dev-server --host 0.0.0.0  --port=80"
    },
    "author": "",
    "license": "ISC",
    "devDependencies": {
      "css-loader": "^3.2.0",
      "html-webpack-plugin": "^3.2.0",
      "socket.io-client": "^2.3.0",
      "style-loader": "^1.0.0",
      "ts-loader": "^6.1.2",
      "typescript": "^3.6.3",
      "webpack": "^4.41.0",
      "webpack-cli": "^3.3.9",
      "webpack-dev-server": "^3.8.1",
      "socket.io": "^2.3.0",
      "html-loader": "^1.1.0",
      "node-sass": "^4.14.1",
      "sass-loader": "^8.0.2"
    },
    "dependencies": {}
  }

yarn manifest: 
  No manifest

Lockfile: 
  No lockfile
